<?xml version="1.0" encoding="UTF-8"?>
<testsuite name="com.laowuandhisfriends.aop.AOPTest" tests="2" skipped="0" failures="0" errors="0" timestamp="2018-04-12T09:06:25" hostname="kouzi" time="0.061">
  <properties/>
  <testcase name="testAOPOnPerformer" classname="com.laowuandhisfriends.aop.AOPTest" time="0.039"/>
  <testcase name="testAOPOnMagician" classname="com.laowuandhisfriends.aop.AOPTest" time="0.021"/>
  <system-out><![CDATA[The audience is taking their seats!
The audience is turning off their cellphones!
The audience is taking their seats!
The audience is turning off their cellphones!
Playing Jingle Bells : 
TOOT TOOT TOOT
CLAP CLAP CLAP CLAP!
The performance took 28 milliseconds!
CLAP CLAP CLAP CLAP!
Intercepting volunteer's thoughts!
]]></system-out>
  <system-err><![CDATA[四月 12, 2018 5:06:24 下午 org.springframework.test.context.support.DefaultTestContextBootstrapper getDefaultTestExecutionListenerClassNames
信息: Loaded default TestExecutionListener class names from location [META-INF/spring.factories]: [org.springframework.test.context.web.ServletTestExecutionListener, org.springframework.test.context.support.DirtiesContextBeforeModesTestExecutionListener, org.springframework.test.context.support.DependencyInjectionTestExecutionListener, org.springframework.test.context.support.DirtiesContextTestExecutionListener, org.springframework.test.context.transaction.TransactionalTestExecutionListener, org.springframework.test.context.jdbc.SqlScriptsTestExecutionListener]
四月 12, 2018 5:06:24 下午 org.springframework.test.context.support.DefaultTestContextBootstrapper getTestExecutionListeners
信息: Using TestExecutionListeners: [org.springframework.test.context.web.ServletTestExecutionListener@284c6ab2, org.springframework.test.context.support.DirtiesContextBeforeModesTestExecutionListener@62ab2599, org.springframework.test.context.support.DependencyInjectionTestExecutionListener@7f2c9b92, org.springframework.test.context.support.DirtiesContextTestExecutionListener@19fef9af, org.springframework.test.context.transaction.TransactionalTestExecutionListener@52ac09d8, org.springframework.test.context.jdbc.SqlScriptsTestExecutionListener@691079f9]
四月 12, 2018 5:06:24 下午 org.springframework.beans.factory.xml.XmlBeanDefinitionReader loadBeanDefinitions
信息: Loading XML bean definitions from class path resource [Spring-AOP.xml]
四月 12, 2018 5:06:24 下午 org.springframework.context.support.GenericApplicationContext prepareRefresh
信息: Refreshing org.springframework.context.support.GenericApplicationContext@72fb9f42: startup date [Thu Apr 12 17:06:24 CST 2018]; root of context hierarchy
]]></system-err>
</testsuite>
