<?xml version="1.0" encoding="UTF-8"?>
<testsuite name="com.laowuandhisfriends.aop.AOPTest" tests="2" skipped="0" failures="0" errors="0" timestamp="2018-04-12T10:17:24" hostname="kouzi" time="0.055">
  <properties/>
  <testcase name="testAOPOnPerformer" classname="com.laowuandhisfriends.aop.AOPTest" time="0.035"/>
  <testcase name="testAOPOnMagician" classname="com.laowuandhisfriends.aop.AOPTest" time="0.019"/>
  <system-out><![CDATA[The audience is taking their seats!
The audience is turning off their cellphones!
The audience is taking their seats!
The audience is turning off their cellphones!
Playing Jingle Bells : 
TOOT TOOT TOOT
CLAP CLAP CLAP CLAP!
The performance took 25 milliseconds!
CLAP CLAP CLAP CLAP!
Intercepting volunteer's thoughts!
]]></system-out>
  <system-err><![CDATA[]]></system-err>
</testsuite>
