<?xml version="1.0" encoding="UTF-8"?>
<testsuite name="com.laowuandhisfriends.springmvc.controller.HomeControllerTest" tests="1" skipped="0" failures="0" errors="0" timestamp="2018-04-12T10:17:25" hostname="kouzi" time="0.711">
  <properties/>
  <testcase name="showHomePage" classname="com.laowuandhisfriends.springmvc.controller.HomeControllerTest" time="0.711"/>
  <system-out><![CDATA[]]></system-out>
  <system-err><![CDATA[四月 12, 2018 6:17:24 下午 org.hibernate.validator.internal.util.Version <clinit>
INFO: HV000001: Hibernate Validator 6.0.9.Final
]]></system-err>
</testsuite>
