<?xml version="1.0" encoding="UTF-8"?>
<testsuite name="com.laowuandhisfriends.di.SpringDITest" tests="10" skipped="0" failures="0" errors="0" timestamp="2018-04-12T10:17:23" hostname="kouzi" time="0.026">
  <properties/>
  <testcase name="testSetFrequency" classname="com.laowuandhisfriends.di.SpringDITest" time="0.009"/>
  <testcase name="testCarl" classname="com.laowuandhisfriends.di.SpringDITest" time="0.001"/>
  <testcase name="testSetMessage" classname="com.laowuandhisfriends.di.SpringDITest" time="0.001"/>
  <testcase name="testSetMultiplier" classname="com.laowuandhisfriends.di.SpringDITest" time="0.001"/>
  <testcase name="testSetInstrument" classname="com.laowuandhisfriends.di.SpringDITest" time="0.001"/>
  <testcase name="testSetEnabled" classname="com.laowuandhisfriends.di.SpringDITest" time="0.001"/>
  <testcase name="testSetCapacity" classname="com.laowuandhisfriends.di.SpringDITest" time="0.001"/>
  <testcase name="testSetName" classname="com.laowuandhisfriends.di.SpringDITest" time="0.001"/>
  <testcase name="testSetRandomNumber" classname="com.laowuandhisfriends.di.SpringDITest" time="0.001"/>
  <testcase name="testSetCount" classname="com.laowuandhisfriends.di.SpringDITest" time="0.001"/>
  <system-out><![CDATA[Playing Jingle Bells : 
TOOT TOOT TOOT
3.141592653589793
null
0.10317508305638079
]]></system-out>
  <system-err><![CDATA[SLF4J: Failed to load class "org.slf4j.impl.StaticLoggerBinder".
SLF4J: Defaulting to no-operation (NOP) logger implementation
SLF4J: See http://www.slf4j.org/codes.html#StaticLoggerBinder for further details.
]]></system-err>
</testsuite>
