<?xml version="1.0" encoding="UTF-8"?>
<testsuite name="com.laowuandhisfriends.jdbc.SpitterDaoImplTest" tests="4" skipped="0" failures="0" errors="0" timestamp="2018-04-10T15:51:07" hostname="kouzi" time="2.002">
  <properties/>
  <testcase name="addSpitterAndGetAutoIncreaseId" classname="com.laowuandhisfriends.jdbc.SpitterDaoImplTest" time="1.969"/>
  <testcase name="addSpitter" classname="com.laowuandhisfriends.jdbc.SpitterDaoImplTest" time="0.012"/>
  <testcase name="getSpitterById" classname="com.laowuandhisfriends.jdbc.SpitterDaoImplTest" time="0.008"/>
  <testcase name="updateSpitter" classname="com.laowuandhisfriends.jdbc.SpitterDaoImplTest" time="0.005"/>
  <system-out><![CDATA[40
Spitter{id=2, username='Json', password='123', fullName='JsonWu', email='kouzikaile@gmail.com', updateEmail=false}
]]></system-out>
  <system-err><![CDATA[四月 10, 2018 11:51:07 下午 org.springframework.test.context.support.DefaultTestContextBootstrapper getDefaultTestExecutionListenerClassNames
信息: Loaded default TestExecutionListener class names from location [META-INF/spring.factories]: [org.springframework.test.context.web.ServletTestExecutionListener, org.springframework.test.context.support.DirtiesContextBeforeModesTestExecutionListener, org.springframework.test.context.support.DependencyInjectionTestExecutionListener, org.springframework.test.context.support.DirtiesContextTestExecutionListener, org.springframework.test.context.transaction.TransactionalTestExecutionListener, org.springframework.test.context.jdbc.SqlScriptsTestExecutionListener]
四月 10, 2018 11:51:07 下午 org.springframework.test.context.support.DefaultTestContextBootstrapper getTestExecutionListeners
信息: Using TestExecutionListeners: [org.springframework.test.context.web.ServletTestExecutionListener@1b0fcba1, org.springframework.test.context.support.DirtiesContextBeforeModesTestExecutionListener@24d15c05, org.springframework.test.context.support.DependencyInjectionTestExecutionListener@3825ccc5, org.springframework.test.context.support.DirtiesContextTestExecutionListener@104f7873, org.springframework.test.context.transaction.TransactionalTestExecutionListener@7578eb18, org.springframework.test.context.jdbc.SqlScriptsTestExecutionListener@5be7a0c6]
四月 10, 2018 11:51:07 下午 org.springframework.beans.factory.xml.XmlBeanDefinitionReader loadBeanDefinitions
信息: Loading XML bean definitions from class path resource [Spring-jdbc.xml]
四月 10, 2018 11:51:07 下午 org.springframework.context.support.GenericApplicationContext prepareRefresh
信息: Refreshing org.springframework.context.support.GenericApplicationContext@4db21c9b: startup date [Tue Apr 10 23:51:07 CST 2018]; root of context hierarchy
Loading class `com.mysql.jdbc.Driver'. This is deprecated. The new driver class is `com.mysql.cj.jdbc.Driver'. The driver is automatically registered via the SPI and manual loading of the driver class is generally unnecessary.
Tue Apr 10 23:51:08 CST 2018 WARN: Establishing SSL connection without server's identity verification is not recommended. According to MySQL 5.5.45+, 5.6.26+ and 5.7.6+ requirements SSL connection must be established by default if explicit option isn't set. For compliance with existing applications not using SSL the verifyServerCertificate property is set to 'false'. You need either to explicitly disable SSL by setting useSSL=false, or set useSSL=true and provide truststore for server certificate verification.
Tue Apr 10 23:51:09 CST 2018 WARN: Establishing SSL connection without server's identity verification is not recommended. According to MySQL 5.5.45+, 5.6.26+ and 5.7.6+ requirements SSL connection must be established by default if explicit option isn't set. For compliance with existing applications not using SSL the verifyServerCertificate property is set to 'false'. You need either to explicitly disable SSL by setting useSSL=false, or set useSSL=true and provide truststore for server certificate verification.
Tue Apr 10 23:51:09 CST 2018 WARN: Establishing SSL connection without server's identity verification is not recommended. According to MySQL 5.5.45+, 5.6.26+ and 5.7.6+ requirements SSL connection must be established by default if explicit option isn't set. For compliance with existing applications not using SSL the verifyServerCertificate property is set to 'false'. You need either to explicitly disable SSL by setting useSSL=false, or set useSSL=true and provide truststore for server certificate verification.
Tue Apr 10 23:51:09 CST 2018 WARN: Establishing SSL connection without server's identity verification is not recommended. According to MySQL 5.5.45+, 5.6.26+ and 5.7.6+ requirements SSL connection must be established by default if explicit option isn't set. For compliance with existing applications not using SSL the verifyServerCertificate property is set to 'false'. You need either to explicitly disable SSL by setting useSSL=false, or set useSSL=true and provide truststore for server certificate verification.
Tue Apr 10 23:51:09 CST 2018 WARN: Establishing SSL connection without server's identity verification is not recommended. According to MySQL 5.5.45+, 5.6.26+ and 5.7.6+ requirements SSL connection must be established by default if explicit option isn't set. For compliance with existing applications not using SSL the verifyServerCertificate property is set to 'false'. You need either to explicitly disable SSL by setting useSSL=false, or set useSSL=true and provide truststore for server certificate verification.
Tue Apr 10 23:51:09 CST 2018 WARN: Establishing SSL connection without server's identity verification is not recommended. According to MySQL 5.5.45+, 5.6.26+ and 5.7.6+ requirements SSL connection must be established by default if explicit option isn't set. For compliance with existing applications not using SSL the verifyServerCertificate property is set to 'false'. You need either to explicitly disable SSL by setting useSSL=false, or set useSSL=true and provide truststore for server certificate verification.
]]></system-err>
</testsuite>
